[ 9691496ms] [ERROR] ./components/layout/sidebar.tsx:378:10
Parsing ecmascript source code failed
  376 |             </Tooltip>
  377 |           </div>
> 378 |         )}
      |          ^
  379 |
  380 |         {/* Navigation */}
  381 |         <ScrollArea className="flex-1">

Unexpected token. Did you mean `{'}'}` or `&rbrace;`?

Import traces:
  Client Component Browser:
    ./components/layout/sidebar.tsx [Client Component Browser]
    ./components/layout/index.ts [Client Component Browser]
    ./app/(auth)/recuperar-password/page.tsx [Client Component Browser]
    ./app/(auth)/recuperar-password/page.tsx [Server Component]

  Client Component SSR:
    ./components/layout/sidebar.tsx [Client Component SSR]
    ./components/layout/index.ts [Client Component SSR]
    ./app/(auth)/recuperar-password/page.tsx [Client Component SSR]
    ./app/(auth)/recuperar-password/page.tsx [Server Component] @ http://localhost:3000/_next/static/chunks/node_modules_next_dist_f3530cac._.js:3127
[ 9691752ms] [ERROR] ./components/layout/sidebar.tsx:378:10
Parsing ecmascript source code failed
  376 |             </Tooltip>
  377 |           </div>
> 378 |         )}
      |          ^
  379 |
  380 |         {/* Navigation */}
  381 |         <ScrollArea className="flex-1">

Unexpected token. Did you mean `{'}'}` or `&rbrace;`?

Import traces:
  Client Component Browser:
    ./components/layout/sidebar.tsx [Client Component Browser]
    ./components/layout/index.ts [Client Component Browser]
    ./app/(auth)/recuperar-password/page.tsx [Client Component Browser]
    ./app/(auth)/recuperar-password/page.tsx [Server Component]

  Client Component SSR:
    ./components/layout/sidebar.tsx [Client Component SSR]
    ./components/layout/index.ts [Client Component SSR]
    ./app/(auth)/recuperar-password/page.tsx [Client Component SSR]
    ./app/(auth)/recuperar-password/page.tsx [Server Component] @ http://localhost:3000/_next/static/chunks/node_modules_next_dist_f3530cac._.js:3127
